Arguments: 
  C:\Program Files\nodejs\node.exe C:\Users\A456-930MX\AppData\Roaming\npm\node_modules\yarn\bin\yarn.js add --dev eslint

PATH: 
  C:\ProgramData\Microsoft\Windows\Start Menu\Programs;C:\Program Files\nodejs\;E:\Git\cmd;.;C:\Program Files\Java\jdk1.8.0_144\bin;C:\Users\A456-930MX\AppData\Roaming\npm;C:\Users\A456-930MX\AppData\Local\Yarn\bin;F:\gcc\mingw32\bin

Yarn version: 
  1.3.2

Node version: 
  8.9.0

Platform: 
  win32 x64

npm manifest: 
  {
    "name": "stylelint",
    "version": "1.0.0",
    "description": "",
    "main": "index.js",
    "scripts": {
      "test": "echo \"Error: no test specified\" && exit 1"
    },
    "keywords": [],
    "author": "xuyanqing <804316947@qq.com> (https://github.com/beautifulgirlxuxu/yanqingxu.github.io)",
    "license": "ISC"
  }

yarn manifest: 
  No manifest

Lockfile: 
  No lockfile

Trace: 
  Error: connect ETIMEDOUT 114.55.80.225:443
      at Object._errnoException (util.js:1024:11)
      at _exceptionWithHostPort (util.js:1046:20)
      at TCPConnectWrap.afterConnect [as oncomplete] (net.js:1182:14)
